<?xml version="1.0" encoding="UTF-8"?>
<testng-results ignored="0" total="3" passed="3" failed="0" skipped="0">
  <reporter-output>
  </reporter-output>
  <suite started-at="2022-11-17T08:45:33 IST" name="Default suite" finished-at="2022-11-17T08:45:44 IST" duration-ms="11159">
    <groups>
    </groups>
    <test started-at="2022-11-17T08:45:33 IST" name="Default test" finished-at="2022-11-17T08:45:44 IST" duration-ms="11159">
      <class name="mavenpractice.TestNGbasic.Pratice2">
        <test-method signature="launch()[pri:0, instance:mavenpractice.TestNGbasic.Pratice2@67d48005]" started-at="2022-11-17T08:45:33 IST" name="launch" finished-at="2022-11-17T08:45:39 IST" duration-ms="6324" status="PASS">
          <reporter-output>
          </reporter-output>
        </test-method> <!-- launch -->
        <test-method signature="launch()[pri:0, instance:mavenpractice.TestNGbasic.Pratice2@67d48005]" started-at="2022-11-17T08:45:33 IST" name="launch" finished-at="2022-11-17T08:45:39 IST" duration-ms="6207" status="PASS">
          <reporter-output>
          </reporter-output>
        </test-method> <!-- launch -->
        <test-method signature="launch()[pri:0, instance:mavenpractice.TestNGbasic.Pratice2@67d48005]" started-at="2022-11-17T08:45:39 IST" name="launch" finished-at="2022-11-17T08:45:44 IST" duration-ms="4884" status="PASS">
          <reporter-output>
          </reporter-output>
        </test-method> <!-- launch -->
      </class> <!-- mavenpractice.TestNGbasic.Pratice2 -->
    </test> <!-- Default test -->
  </suite> <!-- Default suite -->
</testng-results>
