<?xml version="1.0" encoding="UTF-8"?>
<!-- Generated by org.testng.reporters.JUnitXMLReporter -->
<testsuite ignored="0" hostname="LAPTOP-VG3DCKA1" failures="0" tests="3" name="Default test" time="11.159" errors="0" timestamp="2022-11-17T08:45:44 IST">
  <testcase classname="mavenpractice.TestNGbasic.Pratice2" name="launch" time="6.207"/>
  <testcase classname="mavenpractice.TestNGbasic.Pratice2" name="launch" time="6.324"/>
  <testcase classname="mavenpractice.TestNGbasic.Pratice2" name="launch" time="4.884"/>
</testsuite> <!-- Default test -->
