<?xml version="1.0" encoding="UTF-8"?>
<!-- Generated by org.testng.reporters.JUnitXMLReporter -->
<testsuite ignored="2" hostname="LAPTOP-VG3DCKA1" failures="0" tests="1" name="Trailpratice" time="0.037" errors="0" timestamp="2022-11-17T08:18:41 IST">
  <testcase classname="mavenpractice.TestNGbasic.pratice" name="logout" time="0.007"/>
  <testcase classname="mavenpractice.TestNGbasic.pratice" name="login" time="0.0">
    <ignored/>
  </testcase> <!-- login -->
  <testcase classname="mavenpractice.TestNGbasic.pratice" name="searchproduct" time="0.0">
    <ignored/>
  </testcase> <!-- searchproduct -->
</testsuite> <!-- Trailpratice -->
